<?xml version="1.0" encoding="UTF-8"?>
<testsuite name="VideoGameDbTestSuite" tests="2" skipped="0" failures="0" errors="0" timestamp="2019-09-11T10:40:16" hostname="PetarA-L560" time="1.339">
  <properties/>
  <testcase name="getAllGames" classname="VideoGameDbTestSuite" time="1.231"/>
  <testcase name="createNewGameJson" classname="VideoGameDbTestSuite" time="0.108"/>
  <system-out><![CDATA[HTTP/1.1 200 
Content-Type: application/json
Content-Length: 1306
Date: Wed, 11 Sep 2019 10:40:17 GMT

[
    {
        "id": 1,
        "name": "Resident Evil 4",
        "releaseDate": "2005-10-01",
        "reviewScore": 85,
        "category": "Shooter",
        "rating": "Universal"
    },
    {
        "id": 2,
        "name": "Gran Turismo 3",
        "releaseDate": "2001-03-10",
        "reviewScore": 91,
        "category": "Driving",
        "rating": "Universal"
    },
    {
        "id": 3,
        "name": "Tetris",
        "releaseDate": "1984-06-25",
        "reviewScore": 88,
        "category": "Puzzle",
        "rating": "Universal"
    },
    {
        "id": 4,
        "name": "Super Mario 64",
        "releaseDate": "1996-10-20",
        "reviewScore": 90,
        "category": "Platform",
        "rating": "Universal"
    },
    {
        "id": 5,
        "name": "The Legend of Zelda: Ocarina of Time",
        "releaseDate": "1998-12-10",
        "reviewScore": 93,
        "category": "Adventure",
        "rating": "PG-13"
    },
    {
        "id": 6,
        "name": "Doom",
        "releaseDate": "1993-02-18",
        "reviewScore": 81,
        "category": "Shooter",
        "rating": "Mature"
    },
    {
        "id": 7,
        "name": "Minecraft",
        "releaseDate": "2011-12-05",
        "reviewScore": 77,
        "category": "Puzzle",
        "rating": "Universal"
    },
    {
        "id": 8,
        "name": "SimCity 2000",
        "releaseDate": "1994-09-11",
        "reviewScore": 88,
        "category": "Strategy",
        "rating": "Universal"
    },
    {
        "id": 9,
        "name": "Final Fantasy VII",
        "releaseDate": "1997-08-20",
        "reviewScore": 97,
        "category": "RPG",
        "rating": "PG-13"
    },
    {
        "id": 10,
        "name": "Grand Theft Auto III",
        "releaseDate": "2001-04-23",
        "reviewScore": 90,
        "category": "Driving",
        "rating": "Mature"
    },
    {
        "id": 12,
        "name": "Grand Theft Auto III",
        "releaseDate": "2001-04-23",
        "reviewScore": 90,
        "category": "Driving",
        "rating": "Mature"
    }
]
]]></system-out>
  <system-err><![CDATA[]]></system-err>
</testsuite>
